<?xml version="1.0" encoding="UTF-8"?>
<robot generator="Robot 7.0.1 (Python 3.12.3 on win32)" generated="2024-06-23T20:42:00.376857" rpa="false" schemaversion="5">
<suite id="s1" name="Testar Calculadora Mobile" source="C:\Iterasys\Módulo 3 - Automação nvl 2\RobotSauceDemo140\tests\Ex_mobile\testar_calculadora_mobile.robot">
<kw name="Open Application" owner="AppiumLibrary" type="SETUP">
<arg>${REMOTE_URL}</arg>
<arg>platformName=Android</arg>
<arg>appium:platformVersion=9.0</arg>
<arg>appium:deviceName=Samsung Galaxy S9 FHD GoogleAPI Emulator</arg>
<arg>appium:deviceOrientation=portrait</arg>
<arg>appium:app=storage:filename=Calculator_8.6 (599694508)_APKPure.apk</arg>
<arg>appium:appPackage=com.google.android.calculator</arg>
<arg>appium:appActivity=com.android.calculator2.Calculator</arg>
<arg>browserName=</arg>
<arg>appium:ensureWebviewsHavePages=${True}</arg>
<arg>appium:nativeWebScreenshot=${True}</arg>
<arg>appium:newCommandTimeout=${3600}</arg>
<arg>appium:connectHardwareKeyboard=${True}</arg>
<doc>Opens a new application to given Appium server.
Capabilities of appium server, Android and iOS,
Please check https://appium.io/docs/en/2.1/cli/args/
| *Option*            | *Man.* | *Description*     |
| remote_url          | Yes    | Appium server url |
| alias               | no     | alias             |
| strict_ssl          | No     | allows you to send commands to an invalid certificate host like a self-signed one. |</doc>
<status status="PASS" start="2024-06-23T20:42:01.486947" elapsed="40.914739"/>
</kw>
<test id="s1-t1" name="Somar" line="29">
<kw name="Set Variable" owner="BuiltIn">
<msg time="2024-06-23T20:42:42.401686" level="INFO">${num_1} = xpath=//android.widget.ImageButton[@content-desc="4"]</msg>
<var>${num_1}</var>
<arg>xpath=//android.widget.ImageButton[@content-desc="4"]</arg>
<doc>Returns the given values which can then be assigned to a variables.</doc>
<status status="PASS" start="2024-06-23T20:42:42.401686" elapsed="0.000000"/>
</kw>
<kw name="Click Element" owner="AppiumLibrary">
<msg time="2024-06-23T20:42:42.401686" level="INFO">Clicking element 'xpath=//android.widget.ImageButton[@content-desc="4"]'.</msg>
<msg time="2024-06-23T20:42:44.211276" level="INFO">xpath criteria: //android.widget.ImageButton[@content-desc="4"]</msg>
<arg>${num_1}</arg>
<doc>Click element identified by `locator`.</doc>
<status status="PASS" start="2024-06-23T20:42:42.401686" elapsed="1.809590"/>
</kw>
<kw name="Set Variable" owner="BuiltIn">
<msg time="2024-06-23T20:42:44.214887" level="INFO">${plus} = xpath=//android.widget.ImageButton[@content-desc="plus"]</msg>
<var>${plus}</var>
<arg>xpath=//android.widget.ImageButton[@content-desc="plus"]</arg>
<doc>Returns the given values which can then be assigned to a variables.</doc>
<status status="PASS" start="2024-06-23T20:42:44.214887" elapsed="0.000000"/>
</kw>
<kw name="Click Element" owner="AppiumLibrary">
<msg time="2024-06-23T20:42:44.214887" level="INFO">Clicking element 'xpath=//android.widget.ImageButton[@content-desc="plus"]'.</msg>
<msg time="2024-06-23T20:42:45.569011" level="INFO">xpath criteria: //android.widget.ImageButton[@content-desc="plus"]</msg>
<arg>${plus}</arg>
<doc>Click element identified by `locator`.</doc>
<status status="PASS" start="2024-06-23T20:42:44.214887" elapsed="1.354124"/>
</kw>
<kw name="Set Variable" owner="BuiltIn">
<msg time="2024-06-23T20:42:45.790294" level="INFO">${num_2} = xpath=//android.widget.ImageButton[@content-desc="8"]</msg>
<var>${num_2}</var>
<arg>xpath=//android.widget.ImageButton[@content-desc="8"]</arg>
<doc>Returns the given values which can then be assigned to a variables.</doc>
<status status="PASS" start="2024-06-23T20:42:45.790294" elapsed="0.000000"/>
</kw>
<kw name="Click Element" owner="AppiumLibrary">
<msg time="2024-06-23T20:42:45.837565" level="INFO">Clicking element 'xpath=//android.widget.ImageButton[@content-desc="8"]'.</msg>
<msg time="2024-06-23T20:42:47.224177" level="INFO">xpath criteria: //android.widget.ImageButton[@content-desc="8"]</msg>
<arg>${num_2}</arg>
<doc>Click element identified by `locator`.</doc>
<status status="PASS" start="2024-06-23T20:42:45.821915" elapsed="1.402262"/>
</kw>
<kw name="Click Element" owner="AppiumLibrary">
<msg time="2024-06-23T20:42:47.278105" level="INFO">Clicking element 'xpath=//android.widget.ImageButton[@content-desc="equals"]'.</msg>
<msg time="2024-06-23T20:42:49.131743" level="INFO">xpath criteria: //android.widget.ImageButton[@content-desc="equals"]</msg>
<arg>${equal}</arg>
<doc>Click element identified by `locator`.</doc>
<status status="PASS" start="2024-06-23T20:42:47.278105" elapsed="1.853638"/>
</kw>
<kw name="Set Variable" owner="BuiltIn">
<msg time="2024-06-23T20:42:49.131743" level="INFO">${number_1} = 4</msg>
<var>${number_1}</var>
<arg>4</arg>
<doc>Returns the given values which can then be assigned to a variables.</doc>
<status status="PASS" start="2024-06-23T20:42:49.131743" elapsed="0.000000"/>
</kw>
<kw name="Set Variable" owner="BuiltIn">
<msg time="2024-06-23T20:42:49.131743" level="INFO">${number_2} = 8</msg>
<var>${number_2}</var>
<arg>8</arg>
<doc>Returns the given values which can then be assigned to a variables.</doc>
<status status="PASS" start="2024-06-23T20:42:49.131743" elapsed="0.000000"/>
</kw>
<kw name="Evaluate" owner="BuiltIn">
<msg time="2024-06-23T20:42:49.147372" level="INFO">${soma_2_nums} = 12</msg>
<var>${soma_2_nums}</var>
<arg>${number_1} + ${number_2}</arg>
<doc>Evaluates the given expression in Python and returns the result.</doc>
<status status="PASS" start="2024-06-23T20:42:49.131743" elapsed="0.015629"/>
</kw>
<kw name="Convert To String" owner="BuiltIn">
<msg time="2024-06-23T20:42:49.147372" level="INFO">${soma_2_nums_str} = 12</msg>
<var>${soma_2_nums_str}</var>
<arg>${soma_2_nums}</arg>
<doc>Converts the given item to a Unicode string.</doc>
<status status="PASS" start="2024-06-23T20:42:49.147372" elapsed="0.000000"/>
</kw>
<kw name="Element Text Should Be" owner="AppiumLibrary">
<msg time="2024-06-23T20:42:49.147372" level="INFO">Verifying element 'xpath=//android.widget.TextView[@resource-id="com.google.android.calculator:id/result_final"]' contains exactly text '12'.</msg>
<msg time="2024-06-23T20:42:49.774948" level="INFO">xpath criteria: //android.widget.TextView[@resource-id="com.google.android.calculator:id/result_final"]</msg>
<arg>${final_result}</arg>
<arg>${soma_2_nums_str}</arg>
<doc>Verifies element identified by ``locator`` exactly contains text ``expected``.</doc>
<status status="PASS" start="2024-06-23T20:42:49.147372" elapsed="0.627576"/>
</kw>
<status status="PASS" start="2024-06-23T20:42:42.401686" elapsed="7.373833"/>
</test>
<test id="s1-t2" name="Subtrair" line="51">
<kw name="Limpar">
<kw name="Click Element" owner="AppiumLibrary">
<msg time="2024-06-23T20:42:49.785939" level="INFO">Clicking element 'xpath=//android.widget.ImageButton[@content-desc="clear"]'.</msg>
<msg time="2024-06-23T20:42:51.035371" level="INFO">xpath criteria: //android.widget.ImageButton[@content-desc="clear"]</msg>
<arg>xpath=//android.widget.ImageButton[@content-desc="clear"]</arg>
<doc>Click element identified by `locator`.</doc>
<status status="PASS" start="2024-06-23T20:42:49.783941" elapsed="1.251430"/>
</kw>
<status status="PASS" start="2024-06-23T20:42:49.782943" elapsed="1.252428"/>
</kw>
<kw name="Set Variable" owner="BuiltIn">
<msg time="2024-06-23T20:42:51.035371" level="INFO">${num_1} = xpath=//android.widget.ImageButton[@content-desc="9"]</msg>
<var>${num_1}</var>
<arg>xpath=//android.widget.ImageButton[@content-desc="9"]</arg>
<doc>Returns the given values which can then be assigned to a variables.</doc>
<status status="PASS" start="2024-06-23T20:42:51.035371" elapsed="0.000000"/>
</kw>
<kw name="Click Element" owner="AppiumLibrary">
<msg time="2024-06-23T20:42:51.035371" level="INFO">Clicking element 'xpath=//android.widget.ImageButton[@content-desc="9"]'.</msg>
<msg time="2024-06-23T20:42:52.322541" level="INFO">xpath criteria: //android.widget.ImageButton[@content-desc="9"]</msg>
<arg>${num_1}</arg>
<doc>Click element identified by `locator`.</doc>
<status status="PASS" start="2024-06-23T20:42:51.035371" elapsed="1.287170"/>
</kw>
<kw name="Set Variable" owner="BuiltIn">
<msg time="2024-06-23T20:42:52.322541" level="INFO">${minus} = xpath=//android.widget.ImageButton[@content-desc="minus"]</msg>
<var>${minus}</var>
<arg>xpath=//android.widget.ImageButton[@content-desc="minus"]</arg>
<doc>Returns the given values which can then be assigned to a variables.</doc>
<status status="PASS" start="2024-06-23T20:42:52.322541" elapsed="0.000000"/>
</kw>
<kw name="Click Element" owner="AppiumLibrary">
<msg time="2024-06-23T20:42:52.322541" level="INFO">Clicking element 'xpath=//android.widget.ImageButton[@content-desc="minus"]'.</msg>
<msg time="2024-06-23T20:42:53.660712" level="INFO">xpath criteria: //android.widget.ImageButton[@content-desc="minus"]</msg>
<arg>${minus}</arg>
<doc>Click element identified by `locator`.</doc>
<status status="PASS" start="2024-06-23T20:42:52.322541" elapsed="1.338171"/>
</kw>
<kw name="Set Variable" owner="BuiltIn">
<msg time="2024-06-23T20:42:53.660712" level="INFO">${num_2} = xpath=//android.widget.ImageButton[@content-desc="3"]</msg>
<var>${num_2}</var>
<arg>xpath=//android.widget.ImageButton[@content-desc="3"]</arg>
<doc>Returns the given values which can then be assigned to a variables.</doc>
<status status="PASS" start="2024-06-23T20:42:53.660712" elapsed="0.000000"/>
</kw>
<kw name="Click Element" owner="AppiumLibrary">
<msg time="2024-06-23T20:42:53.660712" level="INFO">Clicking element 'xpath=//android.widget.ImageButton[@content-desc="3"]'.</msg>
<msg time="2024-06-23T20:42:55.050629" level="INFO">xpath criteria: //android.widget.ImageButton[@content-desc="3"]</msg>
<arg>${num_2}</arg>
<doc>Click element identified by `locator`.</doc>
<status status="PASS" start="2024-06-23T20:42:53.660712" elapsed="1.389917"/>
</kw>
<kw name="Click Element" owner="AppiumLibrary">
<msg time="2024-06-23T20:42:55.057404" level="INFO">Clicking element 'xpath=//android.widget.ImageButton[@content-desc="equals"]'.</msg>
<msg time="2024-06-23T20:42:56.773896" level="INFO">xpath criteria: //android.widget.ImageButton[@content-desc="equals"]</msg>
<arg>${equal}</arg>
<doc>Click element identified by `locator`.</doc>
<status status="PASS" start="2024-06-23T20:42:55.055406" elapsed="1.718490"/>
</kw>
<kw name="Set Variable" owner="BuiltIn">
<msg time="2024-06-23T20:42:56.774899" level="INFO">${number_1} = 9</msg>
<var>${number_1}</var>
<arg>9</arg>
<doc>Returns the given values which can then be assigned to a variables.</doc>
<status status="PASS" start="2024-06-23T20:42:56.774899" elapsed="0.000000"/>
</kw>
<kw name="Set Variable" owner="BuiltIn">
<msg time="2024-06-23T20:42:56.775896" level="INFO">${number_2} = 3</msg>
<var>${number_2}</var>
<arg>3</arg>
<doc>Returns the given values which can then be assigned to a variables.</doc>
<status status="PASS" start="2024-06-23T20:42:56.775896" elapsed="0.000000"/>
</kw>
<kw name="Evaluate" owner="BuiltIn">
<msg time="2024-06-23T20:42:56.776896" level="INFO">${subtrai_2_nums} = 6</msg>
<var>${subtrai_2_nums}</var>
<arg>${number_1} - ${number_2}</arg>
<doc>Evaluates the given expression in Python and returns the result.</doc>
<status status="PASS" start="2024-06-23T20:42:56.776896" elapsed="0.001003"/>
</kw>
<kw name="Convert To String" owner="BuiltIn">
<msg time="2024-06-23T20:42:56.778898" level="INFO">${subtrai_2_nums_str} = 6</msg>
<var>${subtrai_2_nums_str}</var>
<arg>${subtrai_2_nums}</arg>
<doc>Converts the given item to a Unicode string.</doc>
<status status="PASS" start="2024-06-23T20:42:56.777899" elapsed="0.000999"/>
</kw>
<kw name="Element Text Should Be" owner="AppiumLibrary">
<msg time="2024-06-23T20:42:56.781894" level="INFO">Verifying element 'xpath=//android.widget.TextView[@resource-id="com.google.android.calculator:id/result_final"]' contains exactly text '6'.</msg>
<msg time="2024-06-23T20:42:57.322504" level="INFO">xpath criteria: //android.widget.TextView[@resource-id="com.google.android.calculator:id/result_final"]</msg>
<arg>${final_result}</arg>
<arg>${subtrai_2_nums_str}</arg>
<doc>Verifies element identified by ``locator`` exactly contains text ``expected``.</doc>
<status status="PASS" start="2024-06-23T20:42:56.778898" elapsed="0.543606"/>
</kw>
<status status="PASS" start="2024-06-23T20:42:49.781939" elapsed="7.540565"/>
</test>
<test id="s1-t3" name="Multiplicar" line="73">
<kw name="Limpar">
<kw name="Click Element" owner="AppiumLibrary">
<msg time="2024-06-23T20:42:57.322504" level="INFO">Clicking element 'xpath=//android.widget.ImageButton[@content-desc="clear"]'.</msg>
<msg time="2024-06-23T20:42:58.630055" level="INFO">xpath criteria: //android.widget.ImageButton[@content-desc="clear"]</msg>
<arg>xpath=//android.widget.ImageButton[@content-desc="clear"]</arg>
<doc>Click element identified by `locator`.</doc>
<status status="PASS" start="2024-06-23T20:42:57.322504" elapsed="1.307551"/>
</kw>
<status status="PASS" start="2024-06-23T20:42:57.322504" elapsed="1.307551"/>
</kw>
<kw name="Set Variable" owner="BuiltIn">
<msg time="2024-06-23T20:42:58.630055" level="INFO">${num_1} = xpath=//android.widget.ImageButton[@content-desc="7"]</msg>
<var>${num_1}</var>
<arg>xpath=//android.widget.ImageButton[@content-desc="7"]</arg>
<doc>Returns the given values which can then be assigned to a variables.</doc>
<status status="PASS" start="2024-06-23T20:42:58.630055" elapsed="0.000000"/>
</kw>
<kw name="Click Element" owner="AppiumLibrary">
<msg time="2024-06-23T20:42:58.630055" level="INFO">Clicking element 'xpath=//android.widget.ImageButton[@content-desc="7"]'.</msg>
<msg time="2024-06-23T20:42:59.955961" level="INFO">xpath criteria: //android.widget.ImageButton[@content-desc="7"]</msg>
<arg>${num_1}</arg>
<doc>Click element identified by `locator`.</doc>
<status status="PASS" start="2024-06-23T20:42:58.630055" elapsed="1.325906"/>
</kw>
<kw name="Set Variable" owner="BuiltIn">
<msg time="2024-06-23T20:42:59.955961" level="INFO">${multiply} = xpath=//android.widget.ImageButton[@content-desc="multiply"]</msg>
<var>${multiply}</var>
<arg>xpath=//android.widget.ImageButton[@content-desc="multiply"]</arg>
<doc>Returns the given values which can then be assigned to a variables.</doc>
<status status="PASS" start="2024-06-23T20:42:59.955961" elapsed="0.000000"/>
</kw>
<kw name="Click Element" owner="AppiumLibrary">
<msg time="2024-06-23T20:42:59.955961" level="INFO">Clicking element 'xpath=//android.widget.ImageButton[@content-desc="multiply"]'.</msg>
<msg time="2024-06-23T20:43:01.438766" level="INFO">xpath criteria: //android.widget.ImageButton[@content-desc="multiply"]</msg>
<arg>${multiply}</arg>
<doc>Click element identified by `locator`.</doc>
<status status="PASS" start="2024-06-23T20:42:59.955961" elapsed="1.482805"/>
</kw>
<kw name="Set Variable" owner="BuiltIn">
<msg time="2024-06-23T20:43:01.454399" level="INFO">${num_2} = xpath=//android.widget.ImageButton[@content-desc="8"]</msg>
<var>${num_2}</var>
<arg>xpath=//android.widget.ImageButton[@content-desc="8"]</arg>
<doc>Returns the given values which can then be assigned to a variables.</doc>
<status status="PASS" start="2024-06-23T20:43:01.438766" elapsed="0.015633"/>
</kw>
<kw name="Click Element" owner="AppiumLibrary">
<msg time="2024-06-23T20:43:01.454399" level="INFO">Clicking element 'xpath=//android.widget.ImageButton[@content-desc="8"]'.</msg>
<msg time="2024-06-23T20:43:02.754966" level="INFO">xpath criteria: //android.widget.ImageButton[@content-desc="8"]</msg>
<arg>${num_2}</arg>
<doc>Click element identified by `locator`.</doc>
<status status="PASS" start="2024-06-23T20:43:01.454399" elapsed="1.300567"/>
</kw>
<kw name="Click Element" owner="AppiumLibrary">
<msg time="2024-06-23T20:43:02.771412" level="INFO">Clicking element 'xpath=//android.widget.ImageButton[@content-desc="equals"]'.</msg>
<msg time="2024-06-23T20:43:04.493967" level="INFO">xpath criteria: //android.widget.ImageButton[@content-desc="equals"]</msg>
<arg>${equal}</arg>
<doc>Click element identified by `locator`.</doc>
<status status="PASS" start="2024-06-23T20:43:02.754966" elapsed="1.739001"/>
</kw>
<kw name="Set Variable" owner="BuiltIn">
<msg time="2024-06-23T20:43:04.493967" level="INFO">${number_1} = 7</msg>
<var>${number_1}</var>
<arg>7</arg>
<doc>Returns the given values which can then be assigned to a variables.</doc>
<status status="PASS" start="2024-06-23T20:43:04.493967" elapsed="0.000000"/>
</kw>
<kw name="Set Variable" owner="BuiltIn">
<msg time="2024-06-23T20:43:04.493967" level="INFO">${number_2} = 8</msg>
<var>${number_2}</var>
<arg>8</arg>
<doc>Returns the given values which can then be assigned to a variables.</doc>
<status status="PASS" start="2024-06-23T20:43:04.493967" elapsed="0.000000"/>
</kw>
<kw name="Evaluate" owner="BuiltIn">
<msg time="2024-06-23T20:43:04.493967" level="INFO">${multiplica_2_nums} = 56</msg>
<var>${multiplica_2_nums}</var>
<arg>${number_1} * ${number_2}</arg>
<doc>Evaluates the given expression in Python and returns the result.</doc>
<status status="PASS" start="2024-06-23T20:43:04.493967" elapsed="0.000000"/>
</kw>
<kw name="Convert To String" owner="BuiltIn">
<msg time="2024-06-23T20:43:04.493967" level="INFO">${multiplica_2_nums_str} = 56</msg>
<var>${multiplica_2_nums_str}</var>
<arg>${multiplica_2_nums}</arg>
<doc>Converts the given item to a Unicode string.</doc>
<status status="PASS" start="2024-06-23T20:43:04.493967" elapsed="0.000000"/>
</kw>
<kw name="Element Text Should Be" owner="AppiumLibrary">
<msg time="2024-06-23T20:43:04.493967" level="INFO">Verifying element 'xpath=//android.widget.TextView[@resource-id="com.google.android.calculator:id/result_final"]' contains exactly text '56'.</msg>
<msg time="2024-06-23T20:43:05.105752" level="INFO">xpath criteria: //android.widget.TextView[@resource-id="com.google.android.calculator:id/result_final"]</msg>
<arg>${final_result}</arg>
<arg>${multiplica_2_nums_str}</arg>
<doc>Verifies element identified by ``locator`` exactly contains text ``expected``.</doc>
<status status="PASS" start="2024-06-23T20:43:04.493967" elapsed="0.611785"/>
</kw>
<status status="PASS" start="2024-06-23T20:42:57.322504" elapsed="7.783248"/>
</test>
<test id="s1-t4" name="Dividir" line="95">
<kw name="Limpar">
<kw name="Click Element" owner="AppiumLibrary">
<msg time="2024-06-23T20:43:05.105752" level="INFO">Clicking element 'xpath=//android.widget.ImageButton[@content-desc="clear"]'.</msg>
<msg time="2024-06-23T20:43:06.374959" level="INFO">xpath criteria: //android.widget.ImageButton[@content-desc="clear"]</msg>
<arg>xpath=//android.widget.ImageButton[@content-desc="clear"]</arg>
<doc>Click element identified by `locator`.</doc>
<status status="PASS" start="2024-06-23T20:43:05.105752" elapsed="1.269207"/>
</kw>
<status status="PASS" start="2024-06-23T20:43:05.105752" elapsed="1.269207"/>
</kw>
<kw name="Set Variable" owner="BuiltIn">
<msg time="2024-06-23T20:43:06.374959" level="INFO">${num_1} = xpath=//android.widget.ImageButton[@content-desc="8"]</msg>
<var>${num_1}</var>
<arg>xpath=//android.widget.ImageButton[@content-desc="8"]</arg>
<doc>Returns the given values which can then be assigned to a variables.</doc>
<status status="PASS" start="2024-06-23T20:43:06.374959" elapsed="0.000000"/>
</kw>
<kw name="Click Element" owner="AppiumLibrary">
<msg time="2024-06-23T20:43:06.374959" level="INFO">Clicking element 'xpath=//android.widget.ImageButton[@content-desc="8"]'.</msg>
<msg time="2024-06-23T20:43:07.660960" level="INFO">xpath criteria: //android.widget.ImageButton[@content-desc="8"]</msg>
<arg>${num_1}</arg>
<doc>Click element identified by `locator`.</doc>
<status status="PASS" start="2024-06-23T20:43:06.374959" elapsed="1.286001"/>
</kw>
<kw name="Set Variable" owner="BuiltIn">
<msg time="2024-06-23T20:43:07.660960" level="INFO">${divide} = xpath=//android.widget.ImageButton[@content-desc="divide"]</msg>
<var>${divide}</var>
<arg>xpath=//android.widget.ImageButton[@content-desc="divide"]</arg>
<doc>Returns the given values which can then be assigned to a variables.</doc>
<status status="PASS" start="2024-06-23T20:43:07.660960" elapsed="0.000000"/>
</kw>
<kw name="Click Element" owner="AppiumLibrary">
<msg time="2024-06-23T20:43:07.660960" level="INFO">Clicking element 'xpath=//android.widget.ImageButton[@content-desc="divide"]'.</msg>
<msg time="2024-06-23T20:43:08.939769" level="INFO">xpath criteria: //android.widget.ImageButton[@content-desc="divide"]</msg>
<arg>${divide}</arg>
<doc>Click element identified by `locator`.</doc>
<status status="PASS" start="2024-06-23T20:43:07.660960" elapsed="1.278809"/>
</kw>
<kw name="Set Variable" owner="BuiltIn">
<msg time="2024-06-23T20:43:08.939769" level="INFO">${num_2} = xpath=//android.widget.ImageButton[@content-desc="2"]</msg>
<var>${num_2}</var>
<arg>xpath=//android.widget.ImageButton[@content-desc="2"]</arg>
<doc>Returns the given values which can then be assigned to a variables.</doc>
<status status="PASS" start="2024-06-23T20:43:08.939769" elapsed="0.000000"/>
</kw>
<kw name="Click Element" owner="AppiumLibrary">
<msg time="2024-06-23T20:43:08.955400" level="INFO">Clicking element 'xpath=//android.widget.ImageButton[@content-desc="2"]'.</msg>
<msg time="2024-06-23T20:43:10.217956" level="INFO">xpath criteria: //android.widget.ImageButton[@content-desc="2"]</msg>
<arg>${num_2}</arg>
<doc>Click element identified by `locator`.</doc>
<status status="PASS" start="2024-06-23T20:43:08.939769" elapsed="1.278187"/>
</kw>
<kw name="Click Element" owner="AppiumLibrary">
<msg time="2024-06-23T20:43:10.217956" level="INFO">Clicking element 'xpath=//android.widget.ImageButton[@content-desc="equals"]'.</msg>
<msg time="2024-06-23T20:43:12.001038" level="INFO">xpath criteria: //android.widget.ImageButton[@content-desc="equals"]</msg>
<arg>${equal}</arg>
<doc>Click element identified by `locator`.</doc>
<status status="PASS" start="2024-06-23T20:43:10.217956" elapsed="1.783082"/>
</kw>
<kw name="Set Variable" owner="BuiltIn">
<msg time="2024-06-23T20:43:12.001038" level="INFO">${number_1} = 8</msg>
<var>${number_1}</var>
<arg>8</arg>
<doc>Returns the given values which can then be assigned to a variables.</doc>
<status status="PASS" start="2024-06-23T20:43:12.001038" elapsed="0.000000"/>
</kw>
<kw name="Set Variable" owner="BuiltIn">
<msg time="2024-06-23T20:43:12.001038" level="INFO">${number_2} = 2</msg>
<var>${number_2}</var>
<arg>2</arg>
<doc>Returns the given values which can then be assigned to a variables.</doc>
<status status="PASS" start="2024-06-23T20:43:12.001038" elapsed="0.000000"/>
</kw>
<kw name="Evaluate" owner="BuiltIn">
<msg time="2024-06-23T20:43:12.001038" level="INFO">${divide_2_nums} = 4.0</msg>
<var>${divide_2_nums}</var>
<arg>${number_1} / ${number_2}</arg>
<doc>Evaluates the given expression in Python and returns the result.</doc>
<status status="PASS" start="2024-06-23T20:43:12.001038" elapsed="0.000000"/>
</kw>
<kw name="Convert To Integer" owner="BuiltIn">
<msg time="2024-06-23T20:43:12.001038" level="INFO">${divide_2_nums} = 4</msg>
<var>${divide_2_nums}</var>
<arg>${divide_2_nums}</arg>
<doc>Converts the given item to an integer number.</doc>
<status status="PASS" start="2024-06-23T20:43:12.001038" elapsed="0.000000"/>
</kw>
<kw name="Convert To String" owner="BuiltIn">
<msg time="2024-06-23T20:43:12.001038" level="INFO">${divide_2_nums_str} = 4</msg>
<var>${divide_2_nums_str}</var>
<arg>${divide_2_nums}</arg>
<doc>Converts the given item to a Unicode string.</doc>
<status status="PASS" start="2024-06-23T20:43:12.001038" elapsed="0.015627"/>
</kw>
<kw name="Element Text Should Be" owner="AppiumLibrary">
<msg time="2024-06-23T20:43:12.016665" level="INFO">Verifying element 'xpath=//android.widget.TextView[@resource-id="com.google.android.calculator:id/result_final"]' contains exactly text '4'.</msg>
<msg time="2024-06-23T20:43:12.566026" level="INFO">xpath criteria: //android.widget.TextView[@resource-id="com.google.android.calculator:id/result_final"]</msg>
<arg>${final_result}</arg>
<arg>${divide_2_nums_str}</arg>
<doc>Verifies element identified by ``locator`` exactly contains text ``expected``.</doc>
<status status="PASS" start="2024-06-23T20:43:12.016665" elapsed="0.549361"/>
</kw>
<status status="PASS" start="2024-06-23T20:43:05.105752" elapsed="7.460274"/>
</test>
<kw name="Close Application" owner="AppiumLibrary" type="TEARDOWN">
<doc>Closes the current application and also close webdriver session.</doc>
<status status="PASS" start="2024-06-23T20:43:12.566026" elapsed="0.486987"/>
</kw>
<status status="PASS" start="2024-06-23T20:42:00.376857" elapsed="72.676156"/>
</suite>
<statistics>
<total>
<stat pass="4" fail="0" skip="0">All Tests</stat>
</total>
<tag>
</tag>
<suite>
<stat pass="4" fail="0" skip="0" id="s1" name="Testar Calculadora Mobile">Testar Calculadora Mobile</stat>
</suite>
</statistics>
<errors>
</errors>
</robot>
